<?xml version="1.0" encoding="UTF-8"?>
<testsuite name="JUnit Vintage" tests="0" skipped="0" failures="0" errors="0" time="0" hostname="Donalds-MacBook-Pro.local" timestamp="2024-11-20T19:35:34">
<properties>
<property name="apple.awt.application.name" value="ConsoleLauncher"/>
<property name="file.encoding" value="UTF-8"/>
<property name="file.separator" value="/"/>
<property name="ftp.nonProxyHosts" value="local|*.local|169.254/16|*.169.254/16"/>
<property name="http.nonProxyHosts" value="local|*.local|169.254/16|*.169.254/16"/>
<property name="java.class.path" value="/Users/donsch/Library/CloudStorage/OneDrive-MetropolitanStateUniversityofDenver(MSUDenver)/SoftwareClass/ActualApp/decision-support-fall-24/build/classes:/opt/homebrew/Cellar/ant/1.10.15/libexec/lib/ant-antlr.jar:/opt/homebrew/Cellar/ant/1.10.15/libexec/lib/ant-apache-bcel.jar:/opt/homebrew/Cellar/ant/1.10.15/libexec/lib/ant-apache-bsf.jar:/opt/homebrew/Cellar/ant/1.10.15/libexec/lib/ant-apache-log4j.jar:/opt/homebrew/Cellar/ant/1.10.15/libexec/lib/ant-apache-oro.jar:/opt/homebrew/Cellar/ant/1.10.15/libexec/lib/ant-apache-regexp.jar:/opt/homebrew/Cellar/ant/1.10.15/libexec/lib/ant-apache-resolver.jar:/opt/homebrew/Cellar/ant/1.10.15/libexec/lib/ant-apache-xalan2.jar:/opt/homebrew/Cellar/ant/1.10.15/libexec/lib/ant-commons-logging.jar:/opt/homebrew/Cellar/ant/1.10.15/libexec/lib/ant-commons-net.jar:/opt/homebrew/Cellar/ant/1.10.15/libexec/lib/ant-imageio.jar:/opt/homebrew/Cellar/ant/1.10.15/libexec/lib/ant-jai.jar:/opt/homebrew/Cellar/ant/1.10.15/libexec/lib/ant-jakartamail.jar:/opt/homebrew/Cellar/ant/1.10.15/libexec/lib/ant-javamail.jar:/opt/homebrew/Cellar/ant/1.10.15/libexec/lib/ant-jdepend.jar:/opt/homebrew/Cellar/ant/1.10.15/libexec/lib/ant-jmf.jar:/opt/homebrew/Cellar/ant/1.10.15/libexec/lib/ant-jsch.jar:/opt/homebrew/Cellar/ant/1.10.15/libexec/lib/ant-junit.jar:/opt/homebrew/Cellar/ant/1.10.15/libexec/lib/ant-junit4.jar:/opt/homebrew/Cellar/ant/1.10.15/libexec/lib/ant-junitlauncher.jar:/opt/homebrew/Cellar/ant/1.10.15/libexec/lib/ant-launcher.jar:/opt/homebrew/Cellar/ant/1.10.15/libexec/lib/ant-netrexx.jar:/opt/homebrew/Cellar/ant/1.10.15/libexec/lib/ant-swing.jar:/opt/homebrew/Cellar/ant/1.10.15/libexec/lib/ant-testutil.jar:/opt/homebrew/Cellar/ant/1.10.15/libexec/lib/ant-xz.jar:/opt/homebrew/Cellar/ant/1.10.15/libexec/lib/ant.jar:/opt/homebrew/Cellar/ant/1.10.15/libexec/lib/bcel-6.9.0.jar:/opt/homebrew/Cellar/ant/1.10.15/libexec/lib/ivy-2.5.2.jar:/Users/donsch/Library/CloudStorage/OneDrive-MetropolitanStateUniversityofDenver(MSUDenver)/SoftwareClass/ActualApp/decision-support-fall-24/lib/checkstyle.jar:/Users/donsch/Library/CloudStorage/OneDrive-MetropolitanStateUniversityofDenver(MSUDenver)/SoftwareClass/ActualApp/decision-support-fall-24/lib/junit-platform-console-standalone-1.7.0.jar"/>
<property name="java.class.version" value="67.0"/>
<property name="java.home" value="/opt/homebrew/Cellar/openjdk/23.0.1/libexec/openjdk.jdk/Contents/Home"/>
<property name="java.io.tmpdir" value="/var/folders/2n/gdxxw8dj0rq42pbxh6lprvyw0000gn/T/"/>
<property name="java.library.path" value="/Users/donsch/Library/Java/Extensions:/Library/Java/Extensions:/Network/Library/Java/Extensions:/System/Library/Java/Extensions:/usr/lib/java:."/>
<property name="java.runtime.name" value="OpenJDK Runtime Environment"/>
<property name="java.runtime.version" value="23.0.1"/>
<property name="java.specification.name" value="Java Platform API Specification"/>
<property name="java.specification.vendor" value="Oracle Corporation"/>
<property name="java.specification.version" value="23"/>
<property name="java.vendor" value="Homebrew"/>
<property name="java.vendor.url" value="https://github.com/Homebrew/homebrew-core/issues"/>
<property name="java.vendor.url.bug" value="https://github.com/Homebrew/homebrew-core/issues"/>
<property name="java.vendor.version" value="Homebrew"/>
<property name="java.version" value="23.0.1"/>
<property name="java.version.date" value="2024-10-15"/>
<property name="java.vm.compressedOopsMode" value="Zero based"/>
<property name="java.vm.info" value="mixed mode, sharing"/>
<property name="java.vm.name" value="OpenJDK 64-Bit Server VM"/>
<property name="java.vm.specification.name" value="Java Virtual Machine Specification"/>
<property name="java.vm.specification.vendor" value="Oracle Corporation"/>
<property name="java.vm.specification.version" value="23"/>
<property name="java.vm.vendor" value="Homebrew"/>
<property name="java.vm.version" value="23.0.1"/>
<property name="jdk.debug" value="release"/>
<property name="line.separator" value="
"/>
<property name="native.encoding" value="UTF-8"/>
<property name="os.arch" value="aarch64"/>
<property name="os.name" value="Mac OS X"/>
<property name="os.version" value="15.1"/>
<property name="path.separator" value=":"/>
<property name="socksNonProxyHosts" value="local|*.local|169.254/16|*.169.254/16"/>
<property name="stderr.encoding" value="UTF-8"/>
<property name="stdout.encoding" value="UTF-8"/>
<property name="sun.arch.data.model" value="64"/>
<property name="sun.boot.library.path" value="/opt/homebrew/Cellar/openjdk/23.0.1/libexec/openjdk.jdk/Contents/Home/lib"/>
<property name="sun.cpu.endian" value="little"/>
<property name="sun.io.unicode.encoding" value="UnicodeBig"/>
<property name="sun.java.command" value="org.junit.platform.console.ConsoleLauncher --scan-classpath --reports-dir /Users/donsch/Library/CloudStorage/OneDrive-MetropolitanStateUniversityofDenver(MSUDenver)/SoftwareClass/ActualApp/decision-support-fall-24/reports/testresults"/>
<property name="sun.java.launcher" value="SUN_STANDARD"/>
<property name="sun.jnu.encoding" value="UTF-8"/>
<property name="sun.management.compiler" value="HotSpot 64-Bit Tiered Compilers"/>
<property name="user.country" value="US"/>
<property name="user.dir" value="/Users/donsch/Library/CloudStorage/OneDrive-MetropolitanStateUniversityofDenver(MSUDenver)/SoftwareClass/ActualApp/decision-support-fall-24"/>
<property name="user.home" value="/Users/donsch"/>
<property name="user.language" value="en"/>
<property name="user.name" value="donsch"/>
<property name="user.timezone" value="America/Denver"/>
</properties>
<system-out><![CDATA[
unique-id: [engine:junit-vintage]
display-name: JUnit Vintage
]]></system-out>
</testsuite>
